2024-09-24 23:24:40,364 - Sensor: Temperature, Data: 36.18
2024-09-24 23:24:40,364 - Event: Warning! High temperature detected: 36.18 °C
2024-09-24 23:24:40,364 - Sensor: Pressure, Data: 1020.36
2024-09-24 23:24:40,364 - Sensor: Humidity, Data: 93.97
2024-09-24 23:24:40,364 - Event: Warning! High humidity detected: 93.97%
2024-09-24 23:24:44,380 - Sensor: Temperature, Data: 33.71
2024-09-24 23:24:44,380 - Event: Warning! High temperature detected: 33.71 °C
2024-09-24 23:24:44,380 - Sensor: Pressure, Data: 954.29
2024-09-24 23:24:44,380 - Event: Warning! Low pressure detected: 954.29 hPa
2024-09-24 23:24:44,381 - Sensor: Humidity, Data: 96.72
2024-09-24 23:24:44,381 - Event: Warning! High humidity detected: 96.72%
2024-09-24 23:24:48,401 - Sensor: Temperature, Data: -4.35
2024-09-24 23:24:48,401 - Sensor: Pressure, Data: 992.62
2024-09-24 23:24:48,401 - Sensor: Humidity, Data: 15.8
2024-09-24 23:24:52,415 - Sensor: Temperature, Data: -7.57
2024-09-24 23:24:52,416 - Sensor: Pressure, Data: 1000.25
2024-09-24 23:24:52,416 - Sensor: Humidity, Data: 58.7
2024-09-24 23:24:56,433 - Sensor: Temperature, Data: 10.65
2024-09-24 23:24:56,434 - Sensor: Pressure, Data: 987.61
2024-09-24 23:24:56,434 - Sensor: Humidity, Data: 82.93
2024-09-24 23:24:56,434 - Event: Warning! High humidity detected: 82.93%
2024-09-24 23:25:00,450 - Sensor: Temperature, Data: 12.4
2024-09-24 23:25:00,451 - Sensor: Pressure, Data: 1011.25
2024-09-24 23:25:00,451 - Sensor: Humidity, Data: 20.96
2024-09-24 23:25:04,467 - Sensor: Temperature, Data: 18.07
2024-09-24 23:25:04,467 - Sensor: Pressure, Data: 960.69
2024-09-24 23:25:04,467 - Sensor: Humidity, Data: 93.6
2024-09-24 23:25:04,468 - Event: Warning! High humidity detected: 93.6%
2024-09-24 23:25:08,479 - Sensor: Temperature, Data: 23.08
2024-09-24 23:25:08,479 - Sensor: Pressure, Data: 995.81
2024-09-24 23:25:08,479 - Sensor: Humidity, Data: 56.87
2024-09-24 23:25:12,500 - Sensor: Temperature, Data: 25.68
2024-09-24 23:25:12,500 - Sensor: Pressure, Data: 999.2
2024-09-24 23:25:12,500 - Sensor: Humidity, Data: 49.18
2024-09-24 23:25:16,513 - Sensor: Temperature, Data: 31.29
2024-09-24 23:25:16,513 - Event: Warning! High temperature detected: 31.29 °C
2024-09-24 23:25:16,514 - Sensor: Pressure, Data: 958.11
2024-09-24 23:25:16,514 - Event: Warning! Low pressure detected: 958.11 hPa
2024-09-24 23:25:16,514 - Sensor: Humidity, Data: 91.12
2024-09-24 23:25:16,514 - Event: Warning! High humidity detected: 91.12%
2024-09-24 23:25:20,531 - Sensor: Temperature, Data: 32.81
2024-09-24 23:25:20,531 - Event: Warning! High temperature detected: 32.81 °C
2024-09-24 23:25:20,532 - Sensor: Pressure, Data: 1010.45
2024-09-24 23:25:20,532 - Sensor: Humidity, Data: 54.42
2024-09-24 23:25:24,550 - Sensor: Temperature, Data: 38.71
2024-09-24 23:25:24,551 - Event: Warning! High temperature detected: 38.71 °C
2024-09-24 23:25:24,551 - Sensor: Pressure, Data: 974.19
2024-09-24 23:25:24,551 - Sensor: Humidity, Data: 17.82
2024-09-24 23:25:28,572 - Sensor: Temperature, Data: 26.49
2024-09-24 23:25:28,572 - Sensor: Pressure, Data: 1038.72
2024-09-24 23:25:28,573 - Sensor: Humidity, Data: 6.05
2024-09-24 23:25:32,586 - Sensor: Temperature, Data: 33.26
2024-09-24 23:25:32,587 - Event: Warning! High temperature detected: 33.26 °C
2024-09-24 23:25:32,587 - Sensor: Pressure, Data: 1029.44
2024-09-24 23:25:32,587 - Sensor: Humidity, Data: 17.69
2024-09-24 23:25:36,604 - Sensor: Temperature, Data: -1.89
2024-09-24 23:25:36,605 - Sensor: Pressure, Data: 1033.96
2024-09-24 23:25:36,605 - Sensor: Humidity, Data: 79.34
2024-09-24 23:25:40,625 - Sensor: Temperature, Data: 33.21
2024-09-24 23:25:40,626 - Event: Warning! High temperature detected: 33.21 °C
2024-09-24 23:25:40,626 - Sensor: Pressure, Data: 968.31
2024-09-24 23:25:40,626 - Sensor: Humidity, Data: 99.97
2024-09-24 23:25:40,626 - Event: Warning! High humidity detected: 99.97%
2024-09-24 23:25:44,642 - Sensor: Temperature, Data: 33.24
2024-09-24 23:25:44,643 - Event: Warning! High temperature detected: 33.24 °C
2024-09-24 23:25:44,643 - Sensor: Pressure, Data: 964.77
2024-09-24 23:25:44,643 - Sensor: Humidity, Data: 49.09
2024-09-24 23:25:48,663 - Sensor: Temperature, Data: 22.88
2024-09-24 23:25:48,664 - Sensor: Pressure, Data: 1025.68
2024-09-24 23:25:48,664 - Sensor: Humidity, Data: 49.99
2024-09-24 23:25:52,683 - Sensor: Temperature, Data: 3.49
2024-09-24 23:25:52,683 - Sensor: Pressure, Data: 976.05
2024-09-24 23:25:52,683 - Sensor: Humidity, Data: 21.46
2024-09-24 23:25:56,701 - Sensor: Temperature, Data: 32.23
2024-09-24 23:25:56,702 - Event: Warning! High temperature detected: 32.23 °C
2024-09-24 23:25:56,702 - Sensor: Pressure, Data: 973.14
2024-09-24 23:25:56,702 - Sensor: Humidity, Data: 78.53
2024-09-24 23:26:00,714 - Sensor: Temperature, Data: 21.85
2024-09-24 23:26:00,714 - Sensor: Pressure, Data: 1041.55
2024-09-24 23:26:00,714 - Sensor: Humidity, Data: 49.94
2024-09-24 23:26:04,730 - Sensor: Temperature, Data: 15.48
2024-09-24 23:26:04,731 - Sensor: Pressure, Data: 986.3
2024-09-24 23:26:04,731 - Sensor: Humidity, Data: 6.98
2024-09-24 23:26:08,752 - Sensor: Temperature, Data: -7.42
2024-09-24 23:26:08,752 - Sensor: Pressure, Data: 1001.12
2024-09-24 23:26:08,752 - Sensor: Humidity, Data: 24.51
2024-09-24 23:26:12,768 - Sensor: Temperature, Data: -2.93
2024-09-24 23:26:12,769 - Sensor: Pressure, Data: 951.04
2024-09-24 23:26:12,769 - Event: Warning! Low pressure detected: 951.04 hPa
2024-09-24 23:26:12,769 - Sensor: Humidity, Data: 40.03
2024-09-24 23:26:16,788 - Sensor: Temperature, Data: 20.45
2024-09-24 23:26:16,789 - Sensor: Pressure, Data: 992.45
2024-09-24 23:26:16,789 - Sensor: Humidity, Data: 76.17
2024-09-24 23:26:20,804 - Sensor: Temperature, Data: 16.6
2024-09-24 23:26:20,805 - Sensor: Pressure, Data: 999.63
2024-09-24 23:26:20,806 - Sensor: Humidity, Data: 2.98
2024-09-24 23:26:24,811 - Sensor: Temperature, Data: 29.88
2024-09-24 23:26:24,812 - Sensor: Pressure, Data: 965.29
2024-09-24 23:26:24,812 - Sensor: Humidity, Data: 82.82
2024-09-24 23:26:24,812 - Event: Warning! High humidity detected: 82.82%
2024-09-24 23:26:28,819 - Sensor: Temperature, Data: 3.35
2024-09-24 23:26:28,820 - Sensor: Pressure, Data: 1008.09
2024-09-24 23:26:28,820 - Sensor: Humidity, Data: 31.62
2024-09-24 23:26:32,834 - Sensor: Temperature, Data: -4.64
2024-09-24 23:26:32,834 - Sensor: Pressure, Data: 1037.31
2024-09-24 23:26:32,834 - Sensor: Humidity, Data: 61.58
2024-09-24 23:26:36,854 - Sensor: Temperature, Data: -8.61
2024-09-24 23:26:36,855 - Sensor: Pressure, Data: 1046.79
2024-09-24 23:26:36,855 - Sensor: Humidity, Data: 8.64
2024-09-24 23:26:40,876 - Sensor: Temperature, Data: 8.35
2024-09-24 23:26:40,876 - Sensor: Pressure, Data: 1028.56
2024-09-24 23:26:40,876 - Sensor: Humidity, Data: 28.41
2024-09-24 23:26:44,888 - Sensor: Temperature, Data: 16.33
2024-09-24 23:26:44,888 - Sensor: Pressure, Data: 989.59
2024-09-24 23:26:44,889 - Sensor: Humidity, Data: 29.3
2024-09-24 23:26:48,905 - Sensor: Temperature, Data: 5.94
2024-09-24 23:26:48,905 - Sensor: Pressure, Data: 976.06
2024-09-24 23:26:48,906 - Sensor: Humidity, Data: 68.98
2024-09-24 23:26:52,919 - Sensor: Temperature, Data: 13.34
2024-09-24 23:26:52,920 - Sensor: Pressure, Data: 954.26
2024-09-24 23:26:52,920 - Event: Warning! Low pressure detected: 954.26 hPa
2024-09-24 23:26:52,920 - Sensor: Humidity, Data: 18.79
2024-09-24 23:26:56,936 - Sensor: Temperature, Data: 22.55
2024-09-24 23:26:56,937 - Sensor: Pressure, Data: 963.57
2024-09-24 23:26:56,937 - Sensor: Humidity, Data: 93.38
2024-09-24 23:26:56,937 - Event: Warning! High humidity detected: 93.38%
2024-09-24 23:27:00,952 - Sensor: Temperature, Data: 23.81
2024-09-24 23:27:00,952 - Sensor: Pressure, Data: 963.86
2024-09-24 23:27:00,952 - Sensor: Humidity, Data: 61.08
2024-09-24 23:27:04,968 - Sensor: Temperature, Data: 29.89
2024-09-24 23:27:04,969 - Sensor: Pressure, Data: 977.35
2024-09-24 23:27:04,969 - Sensor: Humidity, Data: 38.07
2024-09-24 23:27:08,979 - Sensor: Temperature, Data: 14.81
2024-09-24 23:27:08,979 - Sensor: Pressure, Data: 1045.95
2024-09-24 23:27:08,980 - Sensor: Humidity, Data: 78.59
2024-09-24 23:27:12,994 - Sensor: Temperature, Data: 22.78
2024-09-24 23:27:12,995 - Sensor: Pressure, Data: 987.03
2024-09-24 23:27:12,995 - Sensor: Humidity, Data: 55.28
2024-09-24 23:27:17,006 - Sensor: Temperature, Data: 9.22
2024-09-24 23:27:17,006 - Sensor: Pressure, Data: 1001.91
2024-09-24 23:27:17,006 - Sensor: Humidity, Data: 72.77
2024-09-24 23:27:21,027 - Sensor: Temperature, Data: 38.67
2024-09-24 23:27:21,027 - Event: Warning! High temperature detected: 38.67 °C
2024-09-24 23:27:21,028 - Sensor: Pressure, Data: 977.8
2024-09-24 23:27:21,028 - Sensor: Humidity, Data: 36.53
2024-09-24 23:27:25,041 - Sensor: Temperature, Data: 35.97
2024-09-24 23:27:25,041 - Event: Warning! High temperature detected: 35.97 °C
2024-09-24 23:27:25,041 - Sensor: Pressure, Data: 1023.76
2024-09-24 23:27:25,041 - Sensor: Humidity, Data: 57.09
2024-09-24 23:27:29,058 - Sensor: Temperature, Data: 13.45
2024-09-24 23:27:29,058 - Sensor: Pressure, Data: 1004.8
2024-09-24 23:27:29,058 - Sensor: Humidity, Data: 97.0
2024-09-24 23:27:29,058 - Event: Warning! High humidity detected: 97.0%
2024-09-24 23:27:33,074 - Sensor: Temperature, Data: -6.53
2024-09-24 23:27:33,075 - Sensor: Pressure, Data: 967.11
2024-09-24 23:27:33,075 - Sensor: Humidity, Data: 70.31
2024-09-24 23:27:37,091 - Sensor: Temperature, Data: 10.92
2024-09-24 23:27:37,092 - Sensor: Pressure, Data: 1019.38
2024-09-24 23:27:37,092 - Sensor: Humidity, Data: 68.41
2024-09-24 23:27:41,111 - Sensor: Temperature, Data: -6.64
2024-09-24 23:27:41,112 - Sensor: Pressure, Data: 991.45
2024-09-24 23:27:41,112 - Sensor: Humidity, Data: 28.37
2024-09-24 23:27:45,130 - Sensor: Temperature, Data: 20.27
2024-09-24 23:27:45,130 - Sensor: Pressure, Data: 994.49
2024-09-24 23:27:45,130 - Sensor: Humidity, Data: 26.41
2024-09-24 23:27:49,147 - Sensor: Temperature, Data: -3.17
2024-09-24 23:27:49,148 - Sensor: Pressure, Data: 1045.68
2024-09-24 23:27:49,148 - Sensor: Humidity, Data: 47.03
2024-09-24 23:27:53,165 - Sensor: Temperature, Data: 31.37
2024-09-24 23:27:53,166 - Event: Warning! High temperature detected: 31.37 °C
2024-09-24 23:27:53,166 - Sensor: Pressure, Data: 994.87
2024-09-24 23:27:53,166 - Sensor: Humidity, Data: 97.55
2024-09-24 23:27:53,166 - Event: Warning! High humidity detected: 97.55%
2024-09-24 23:27:57,180 - Sensor: Temperature, Data: 29.9
2024-09-24 23:27:57,180 - Sensor: Pressure, Data: 1031.15
2024-09-24 23:27:57,181 - Sensor: Humidity, Data: 30.62
2024-09-24 23:28:01,191 - Sensor: Temperature, Data: 36.35
2024-09-24 23:28:01,192 - Event: Warning! High temperature detected: 36.35 °C
2024-09-24 23:28:01,192 - Sensor: Pressure, Data: 966.3
2024-09-24 23:28:01,192 - Sensor: Humidity, Data: 27.0
2024-09-24 23:28:05,208 - Sensor: Temperature, Data: 39.87
2024-09-24 23:28:05,208 - Event: Warning! High temperature detected: 39.87 °C
2024-09-24 23:28:05,209 - Sensor: Pressure, Data: 997.27
2024-09-24 23:28:05,209 - Sensor: Humidity, Data: 77.84
2024-09-24 23:28:09,222 - Sensor: Temperature, Data: 17.35
2024-09-24 23:28:09,223 - Sensor: Pressure, Data: 973.73
2024-09-24 23:28:09,223 - Sensor: Humidity, Data: 9.38
2024-09-24 23:28:13,235 - Sensor: Temperature, Data: 22.76
2024-09-24 23:28:13,236 - Sensor: Pressure, Data: 967.08
2024-09-24 23:28:13,236 - Sensor: Humidity, Data: 43.46
2024-09-24 23:28:17,251 - Sensor: Temperature, Data: 26.15
2024-09-24 23:28:17,252 - Sensor: Pressure, Data: 990.68
2024-09-24 23:28:17,252 - Sensor: Humidity, Data: 76.42
2024-09-24 23:28:21,267 - Sensor: Temperature, Data: -5.82
2024-09-24 23:28:21,267 - Sensor: Pressure, Data: 1044.46
2024-09-24 23:28:21,268 - Sensor: Humidity, Data: 41.9
2024-09-24 23:28:25,286 - Sensor: Temperature, Data: 18.75
2024-09-24 23:28:25,287 - Sensor: Pressure, Data: 1014.98
2024-09-24 23:28:25,288 - Sensor: Humidity, Data: 24.64
2024-09-24 23:28:29,303 - Sensor: Temperature, Data: 4.52
2024-09-24 23:28:29,303 - Sensor: Pressure, Data: 1011.84
2024-09-24 23:28:29,303 - Sensor: Humidity, Data: 8.67
2024-09-24 23:28:33,319 - Sensor: Temperature, Data: 7.74
2024-09-24 23:28:33,319 - Sensor: Pressure, Data: 976.03
2024-09-24 23:28:33,320 - Sensor: Humidity, Data: 9.96
2024-09-24 23:28:37,332 - Sensor: Temperature, Data: -0.59
2024-09-24 23:28:37,333 - Sensor: Pressure, Data: 1019.68
2024-09-24 23:28:37,333 - Sensor: Humidity, Data: 1.73
2024-09-24 23:28:41,347 - Sensor: Temperature, Data: -9.36
2024-09-24 23:28:41,348 - Sensor: Pressure, Data: 997.07
2024-09-24 23:28:41,348 - Sensor: Humidity, Data: 37.43
2024-09-24 23:28:45,362 - Sensor: Temperature, Data: 29.59
2024-09-24 23:28:45,362 - Sensor: Pressure, Data: 1009.02
2024-09-24 23:28:45,362 - Sensor: Humidity, Data: 25.61
2024-09-24 23:28:49,380 - Sensor: Temperature, Data: 27.24
2024-09-24 23:28:49,380 - Sensor: Pressure, Data: 1011.08
2024-09-24 23:28:49,380 - Sensor: Humidity, Data: 36.62
2024-09-24 23:28:53,395 - Sensor: Temperature, Data: 27.11
2024-09-24 23:28:53,395 - Sensor: Pressure, Data: 958.59
2024-09-24 23:28:53,395 - Event: Warning! Low pressure detected: 958.59 hPa
2024-09-24 23:28:53,396 - Sensor: Humidity, Data: 45.47
2024-09-24 23:28:57,412 - Sensor: Temperature, Data: 30.89
2024-09-24 23:28:57,412 - Event: Warning! High temperature detected: 30.89 °C
2024-09-24 23:28:57,413 - Sensor: Pressure, Data: 1019.68
2024-09-24 23:28:57,413 - Sensor: Humidity, Data: 76.91
2024-09-24 23:29:01,433 - Sensor: Temperature, Data: 29.89
2024-09-24 23:29:01,434 - Sensor: Pressure, Data: 988.67
2024-09-24 23:29:01,434 - Sensor: Humidity, Data: 49.64
2024-09-24 23:29:05,447 - Sensor: Temperature, Data: 31.81
2024-09-24 23:29:05,447 - Event: Warning! High temperature detected: 31.81 °C
2024-09-24 23:29:05,447 - Sensor: Pressure, Data: 1048.79
2024-09-24 23:29:05,447 - Sensor: Humidity, Data: 28.02
2024-09-24 23:29:09,468 - Sensor: Temperature, Data: 3.66
2024-09-24 23:29:09,468 - Sensor: Pressure, Data: 961.33
2024-09-24 23:29:09,468 - Sensor: Humidity, Data: 80.86
2024-09-24 23:29:09,469 - Event: Warning! High humidity detected: 80.86%
2024-09-24 23:29:13,487 - Sensor: Temperature, Data: -1.45
2024-09-24 23:29:13,487 - Sensor: Pressure, Data: 1044.97
2024-09-24 23:29:13,487 - Sensor: Humidity, Data: 61.3
2024-09-24 23:29:17,508 - Sensor: Temperature, Data: 22.6
2024-09-24 23:29:17,509 - Sensor: Pressure, Data: 1037.95
2024-09-24 23:29:17,509 - Sensor: Humidity, Data: 26.12
2024-09-24 23:29:21,522 - Sensor: Temperature, Data: 19.66
2024-09-24 23:29:21,523 - Sensor: Pressure, Data: 954.53
2024-09-24 23:29:21,523 - Event: Warning! Low pressure detected: 954.53 hPa
2024-09-24 23:29:21,523 - Sensor: Humidity, Data: 14.61
2024-09-24 23:29:25,541 - Sensor: Temperature, Data: 34.83
2024-09-24 23:29:25,541 - Event: Warning! High temperature detected: 34.83 °C
2024-09-24 23:29:25,541 - Sensor: Pressure, Data: 973.83
2024-09-24 23:29:25,541 - Sensor: Humidity, Data: 79.98
2024-09-24 23:29:29,560 - Sensor: Temperature, Data: 20.51
2024-09-24 23:29:29,561 - Sensor: Pressure, Data: 975.01
2024-09-24 23:29:29,561 - Sensor: Humidity, Data: 51.9
2024-09-24 23:29:33,577 - Sensor: Temperature, Data: 24.97
2024-09-24 23:29:33,577 - Sensor: Pressure, Data: 1035.06
2024-09-24 23:29:33,577 - Sensor: Humidity, Data: 84.11
2024-09-24 23:29:33,578 - Event: Warning! High humidity detected: 84.11%
2024-09-24 23:29:37,591 - Sensor: Temperature, Data: 28.55
2024-09-24 23:29:37,592 - Sensor: Pressure, Data: 952.05
2024-09-24 23:29:37,592 - Event: Warning! Low pressure detected: 952.05 hPa
2024-09-24 23:29:37,592 - Sensor: Humidity, Data: 2.44
2024-09-24 23:29:41,605 - Sensor: Temperature, Data: -5.31
2024-09-24 23:29:41,606 - Sensor: Pressure, Data: 1028.08
2024-09-24 23:29:41,606 - Sensor: Humidity, Data: 20.32
2024-09-24 23:29:45,625 - Sensor: Temperature, Data: -2.91
2024-09-24 23:29:45,626 - Sensor: Pressure, Data: 954.6
2024-09-24 23:29:45,626 - Event: Warning! Low pressure detected: 954.6 hPa
2024-09-24 23:29:45,626 - Sensor: Humidity, Data: 58.11
2024-09-24 23:29:49,647 - Sensor: Temperature, Data: 26.29
2024-09-24 23:29:49,647 - Sensor: Pressure, Data: 1005.59
2024-09-24 23:29:49,647 - Sensor: Humidity, Data: 52.85
2024-09-24 23:29:53,668 - Sensor: Temperature, Data: -6.17
2024-09-24 23:29:53,668 - Sensor: Pressure, Data: 1032.35
2024-09-24 23:29:53,669 - Sensor: Humidity, Data: 14.25
2024-09-24 23:29:57,685 - Sensor: Temperature, Data: 0.64
2024-09-24 23:29:57,686 - Sensor: Pressure, Data: 993.55
2024-09-24 23:29:57,686 - Sensor: Humidity, Data: 81.36
2024-09-24 23:29:57,687 - Event: Warning! High humidity detected: 81.36%
2024-09-24 23:30:01,703 - Sensor: Temperature, Data: 16.66
2024-09-24 23:30:01,703 - Sensor: Pressure, Data: 1016.99
2024-09-24 23:30:01,703 - Sensor: Humidity, Data: 83.79
2024-09-24 23:30:01,703 - Event: Warning! High humidity detected: 83.79%
2024-09-24 23:30:05,719 - Sensor: Temperature, Data: 7.39
2024-09-24 23:30:05,719 - Sensor: Pressure, Data: 1012.11
2024-09-24 23:30:05,719 - Sensor: Humidity, Data: 36.7
2024-09-24 23:30:09,737 - Sensor: Temperature, Data: 21.65
2024-09-24 23:30:09,737 - Sensor: Pressure, Data: 1028.69
2024-09-24 23:30:09,737 - Sensor: Humidity, Data: 66.01
2024-09-24 23:30:13,757 - Sensor: Temperature, Data: 7.46
2024-09-24 23:30:13,757 - Sensor: Pressure, Data: 1037.22
2024-09-24 23:30:13,757 - Sensor: Humidity, Data: 9.97
2024-09-24 23:30:17,771 - Sensor: Temperature, Data: 36.59
2024-09-24 23:30:17,771 - Event: Warning! High temperature detected: 36.59 °C
2024-09-24 23:30:17,771 - Sensor: Pressure, Data: 977.12
2024-09-24 23:30:17,772 - Sensor: Humidity, Data: 22.2
2024-09-24 23:30:21,780 - Sensor: Temperature, Data: 6.5
2024-09-24 23:30:21,780 - Sensor: Pressure, Data: 955.98
2024-09-24 23:30:21,780 - Event: Warning! Low pressure detected: 955.98 hPa
2024-09-24 23:30:21,780 - Sensor: Humidity, Data: 49.53
2024-09-24 23:30:25,797 - Sensor: Temperature, Data: 2.86
2024-09-24 23:30:25,798 - Sensor: Pressure, Data: 1043.47
2024-09-24 23:30:25,798 - Sensor: Humidity, Data: 79.21
2024-09-24 23:30:29,818 - Sensor: Temperature, Data: 28.72
2024-09-24 23:30:29,819 - Sensor: Pressure, Data: 955.89
2024-09-24 23:30:29,819 - Event: Warning! Low pressure detected: 955.89 hPa
2024-09-24 23:30:29,819 - Sensor: Humidity, Data: 69.41
2024-09-24 23:30:33,837 - Sensor: Temperature, Data: 2.99
2024-09-24 23:30:33,837 - Sensor: Pressure, Data: 984.82
2024-09-24 23:30:33,837 - Sensor: Humidity, Data: 11.0
2024-09-24 23:30:37,856 - Sensor: Temperature, Data: 4.17
2024-09-24 23:30:37,856 - Sensor: Pressure, Data: 968.35
2024-09-24 23:30:37,857 - Sensor: Humidity, Data: 47.32
2024-09-24 23:30:41,876 - Sensor: Temperature, Data: 20.16
2024-09-24 23:30:41,877 - Sensor: Pressure, Data: 1013.34
2024-09-24 23:30:41,877 - Sensor: Humidity, Data: 82.87
2024-09-24 23:30:41,877 - Event: Warning! High humidity detected: 82.87%
2024-09-24 23:30:45,896 - Sensor: Temperature, Data: 8.47
2024-09-24 23:30:45,897 - Sensor: Pressure, Data: 958.38
2024-09-24 23:30:45,897 - Event: Warning! Low pressure detected: 958.38 hPa
2024-09-24 23:30:45,897 - Sensor: Humidity, Data: 32.3
2024-09-24 23:30:49,915 - Sensor: Temperature, Data: -0.17
2024-09-24 23:30:49,915 - Sensor: Pressure, Data: 1044.42
2024-09-24 23:30:49,915 - Sensor: Humidity, Data: 92.14
2024-09-24 23:30:49,915 - Event: Warning! High humidity detected: 92.14%
2024-09-24 23:30:53,931 - Sensor: Temperature, Data: 5.47
2024-09-24 23:30:53,932 - Sensor: Pressure, Data: 1038.82
2024-09-24 23:30:53,932 - Sensor: Humidity, Data: 26.49
2024-09-24 23:30:57,945 - Sensor: Temperature, Data: -6.17
2024-09-24 23:30:57,945 - Sensor: Pressure, Data: 1019.4
2024-09-24 23:30:57,946 - Sensor: Humidity, Data: 20.28
2024-09-24 23:31:01,963 - Sensor: Temperature, Data: 38.56
2024-09-24 23:31:01,963 - Event: Warning! High temperature detected: 38.56 °C
2024-09-24 23:31:01,964 - Sensor: Pressure, Data: 992.96
2024-09-24 23:31:01,964 - Sensor: Humidity, Data: 31.33
2024-09-24 23:31:05,982 - Sensor: Temperature, Data: 11.6
2024-09-24 23:31:05,982 - Sensor: Pressure, Data: 987.92
2024-09-24 23:31:05,982 - Sensor: Humidity, Data: 66.3
2024-09-24 23:31:10,002 - Sensor: Temperature, Data: -5.28
2024-09-24 23:31:10,002 - Sensor: Pressure, Data: 1034.59
2024-09-24 23:31:10,002 - Sensor: Humidity, Data: 59.68
2024-09-24 23:31:14,014 - Sensor: Temperature, Data: 39.23
2024-09-24 23:31:14,014 - Event: Warning! High temperature detected: 39.23 °C
2024-09-24 23:31:14,015 - Sensor: Pressure, Data: 1030.0
2024-09-24 23:31:14,015 - Sensor: Humidity, Data: 87.56
2024-09-24 23:31:14,015 - Event: Warning! High humidity detected: 87.56%
2024-09-24 23:31:18,030 - Sensor: Temperature, Data: 5.3
2024-09-24 23:31:18,030 - Sensor: Pressure, Data: 994.68
2024-09-24 23:31:18,030 - Sensor: Humidity, Data: 78.05
2024-09-24 23:31:22,043 - Sensor: Temperature, Data: 31.73
2024-09-24 23:31:22,045 - Event: Warning! High temperature detected: 31.73 °C
2024-09-24 23:31:22,045 - Sensor: Pressure, Data: 1005.97
2024-09-24 23:31:22,045 - Sensor: Humidity, Data: 28.67
2024-09-24 23:31:26,064 - Sensor: Temperature, Data: -9.4
2024-09-24 23:31:26,065 - Sensor: Pressure, Data: 970.37
2024-09-24 23:31:26,065 - Sensor: Humidity, Data: 94.14
2024-09-24 23:31:26,065 - Event: Warning! High humidity detected: 94.14%
2024-09-24 23:31:30,080 - Sensor: Temperature, Data: 7.66
2024-09-24 23:31:30,081 - Sensor: Pressure, Data: 1014.1
2024-09-24 23:31:30,081 - Sensor: Humidity, Data: 42.2
2024-09-24 23:31:34,099 - Sensor: Temperature, Data: 6.03
2024-09-24 23:31:34,099 - Sensor: Pressure, Data: 1002.23
2024-09-24 23:31:34,100 - Sensor: Humidity, Data: 83.47
2024-09-24 23:31:34,100 - Event: Warning! High humidity detected: 83.47%
2024-11-21 00:42:39,536 - Sensor: Temperature, Data: 19.49
2024-11-21 00:42:39,537 - Sensor: Pressure, Data: 991.5
2024-11-21 00:42:39,537 - Sensor: Humidity, Data: 96.35
2024-11-21 00:42:39,537 - Event: Warning! High humidity detected: 96.35%
2024-11-21 00:42:43,550 - Sensor: Temperature, Data: 6.32
2024-11-21 00:42:43,551 - Sensor: Pressure, Data: 1031.81
2024-11-21 00:42:43,551 - Sensor: Humidity, Data: 69.86
2024-11-21 00:42:47,129 - Sensor: Temperature, Data: 23.74
2024-11-21 00:42:47,129 - Sensor: Pressure, Data: 989.62
2024-11-21 00:42:47,129 - Sensor: Humidity, Data: 62.92
2024-11-21 00:42:51,142 - Sensor: Temperature, Data: 16.5
2024-11-21 00:42:51,142 - Sensor: Pressure, Data: 1025.89
2024-11-21 00:42:51,142 - Sensor: Humidity, Data: 67.0
2024-11-21 00:42:55,159 - Sensor: Temperature, Data: 21.34
2024-11-21 00:42:55,160 - Sensor: Pressure, Data: 968.69
2024-11-21 00:42:55,160 - Sensor: Humidity, Data: 53.79
2024-11-21 00:42:58,108 - Sensor: Temperature, Data: -4.71
2024-11-21 00:42:58,109 - Sensor: Pressure, Data: 992.61
2024-11-21 00:42:58,109 - Sensor: Humidity, Data: 45.89
2024-11-21 00:43:02,127 - Sensor: Temperature, Data: 1.04
2024-11-21 00:43:02,127 - Sensor: Pressure, Data: 1033.5
2024-11-21 00:43:02,127 - Sensor: Humidity, Data: 39.14
2024-11-21 00:43:06,142 - Sensor: Temperature, Data: 2.4
2024-11-21 00:43:06,142 - Sensor: Pressure, Data: 974.4
2024-11-21 00:43:06,142 - Sensor: Humidity, Data: 36.02
2024-11-21 00:43:10,163 - Sensor: Temperature, Data: 5.43
2024-11-21 00:43:10,164 - Sensor: Pressure, Data: 1032.32
2024-11-21 00:43:10,164 - Sensor: Humidity, Data: 51.97
2024-11-21 00:43:14,181 - Sensor: Temperature, Data: 6.42
2024-11-21 00:43:14,182 - Sensor: Pressure, Data: 1020.72
2024-11-21 00:43:14,182 - Sensor: Humidity, Data: 96.36
2024-11-21 00:43:14,182 - Event: Warning! High humidity detected: 96.36%
2024-11-21 00:43:18,201 - Sensor: Temperature, Data: 23.51
2024-11-21 00:43:18,201 - Sensor: Pressure, Data: 988.11
2024-11-21 00:43:18,202 - Sensor: Humidity, Data: 71.41
2024-11-21 00:43:22,214 - Sensor: Temperature, Data: 15.59
2024-11-21 00:43:22,214 - Sensor: Pressure, Data: 1029.76
2024-11-21 00:43:22,214 - Sensor: Humidity, Data: 75.58
2024-11-21 00:43:26,235 - Sensor: Temperature, Data: -9.82
2024-11-21 00:43:26,236 - Sensor: Pressure, Data: 1009.23
2024-11-21 00:43:26,236 - Sensor: Humidity, Data: 17.54
2024-11-21 00:43:30,253 - Sensor: Temperature, Data: 27.26
2024-11-21 00:43:30,253 - Sensor: Pressure, Data: 1005.86
2024-11-21 00:43:30,253 - Sensor: Humidity, Data: 64.73
2024-11-21 00:43:34,269 - Sensor: Temperature, Data: 29.01
2024-11-21 00:43:34,270 - Sensor: Pressure, Data: 1003.16
2024-11-21 00:43:34,270 - Sensor: Humidity, Data: 93.37
2024-11-21 00:43:34,271 - Event: Warning! High humidity detected: 93.37%
2024-11-21 00:43:38,289 - Sensor: Temperature, Data: 4.75
2024-11-21 00:43:38,289 - Sensor: Pressure, Data: 1041.33
2024-11-21 00:43:38,289 - Sensor: Humidity, Data: 21.03
2024-11-21 00:43:42,310 - Sensor: Temperature, Data: 17.25
2024-11-21 00:43:42,311 - Sensor: Pressure, Data: 954.3
2024-11-21 00:43:42,311 - Event: Warning! Low pressure detected: 954.3 hPa
2024-11-21 00:43:42,311 - Sensor: Humidity, Data: 38.5
2024-11-21 00:43:46,326 - Sensor: Temperature, Data: -1.82
2024-11-21 00:43:46,326 - Sensor: Pressure, Data: 1023.27
2024-11-21 00:43:46,326 - Sensor: Humidity, Data: 17.74
2024-11-21 00:43:50,346 - Sensor: Temperature, Data: -8.1
2024-11-21 00:43:50,347 - Sensor: Pressure, Data: 1029.15
2024-11-21 00:43:50,347 - Sensor: Humidity, Data: 78.59
2024-11-21 00:43:54,364 - Sensor: Temperature, Data: 35.35
2024-11-21 00:43:54,365 - Event: Warning! High temperature detected: 35.35 °C
2024-11-21 00:43:54,365 - Sensor: Pressure, Data: 959.42
2024-11-21 00:43:54,365 - Event: Warning! Low pressure detected: 959.42 hPa
2024-11-21 00:43:54,365 - Sensor: Humidity, Data: 80.07
2024-11-21 00:43:54,366 - Event: Warning! High humidity detected: 80.07%
2024-11-21 00:43:58,386 - Sensor: Temperature, Data: 12.03
2024-11-21 00:43:58,387 - Sensor: Pressure, Data: 1031.59
2024-11-21 00:43:58,387 - Sensor: Humidity, Data: 58.11
2024-11-21 00:44:02,397 - Sensor: Temperature, Data: 11.06
2024-11-21 00:44:02,397 - Sensor: Pressure, Data: 953.36
2024-11-21 00:44:02,397 - Event: Warning! Low pressure detected: 953.36 hPa
2024-11-21 00:44:02,397 - Sensor: Humidity, Data: 52.59
2024-11-21 00:44:06,418 - Sensor: Temperature, Data: 32.39
2024-11-21 00:44:06,418 - Event: Warning! High temperature detected: 32.39 °C
2024-11-21 00:44:06,418 - Sensor: Pressure, Data: 1036.79
2024-11-21 00:44:06,418 - Sensor: Humidity, Data: 25.62
2024-11-21 00:44:10,436 - Sensor: Temperature, Data: 31.18
2024-11-21 00:44:10,436 - Event: Warning! High temperature detected: 31.18 °C
2024-11-21 00:44:10,436 - Sensor: Pressure, Data: 982.87
2024-11-21 00:44:10,436 - Sensor: Humidity, Data: 73.12
2024-11-21 00:44:14,457 - Sensor: Temperature, Data: 9.7
2024-11-21 00:44:14,458 - Sensor: Pressure, Data: 989.25
2024-11-21 00:44:14,458 - Sensor: Humidity, Data: 62.87
2024-11-21 00:44:18,472 - Sensor: Temperature, Data: -8.62
2024-11-21 00:44:18,472 - Sensor: Pressure, Data: 956.2
2024-11-21 00:44:18,472 - Event: Warning! Low pressure detected: 956.2 hPa
2024-11-21 00:44:18,473 - Sensor: Humidity, Data: 30.31
2024-11-21 00:45:32,220 - Sensor: Temperature, Data: 38.52
2024-11-21 00:45:32,221 - Event: Warning! High temperature detected: 38.52 °C
2024-11-21 00:45:32,221 - Sensor: Pressure, Data: 958.79
2024-11-21 00:45:32,221 - Event: Warning! Low pressure detected: 958.79 hPa
2024-11-21 00:45:32,221 - Sensor: Humidity, Data: 88.39
2024-11-21 00:45:32,221 - Event: Warning! High humidity detected: 88.39%
2024-11-21 00:45:36,242 - Sensor: Temperature, Data: 5.76
2024-11-21 00:45:36,242 - Sensor: Pressure, Data: 964.14
2024-11-21 00:45:36,242 - Sensor: Humidity, Data: 72.93
2024-11-21 00:45:40,256 - Sensor: Temperature, Data: 31.86
2024-11-21 00:45:40,257 - Event: Warning! High temperature detected: 31.86 °C
2024-11-21 00:45:40,257 - Sensor: Pressure, Data: 983.14
2024-11-21 00:45:40,257 - Sensor: Humidity, Data: 64.79
2024-11-21 00:45:44,274 - Sensor: Temperature, Data: 37.34
2024-11-21 00:45:44,274 - Event: Warning! High temperature detected: 37.34 °C
2024-11-21 00:45:44,275 - Sensor: Pressure, Data: 1034.66
2024-11-21 00:45:44,275 - Sensor: Humidity, Data: 37.03
2024-11-21 00:45:48,295 - Sensor: Temperature, Data: 22.17
2024-11-21 00:45:48,296 - Sensor: Pressure, Data: 1018.77
2024-11-21 00:45:48,296 - Sensor: Humidity, Data: 30.53
2024-11-21 00:45:52,317 - Sensor: Temperature, Data: 6.08
2024-11-21 00:45:52,317 - Sensor: Pressure, Data: 1031.65
2024-11-21 00:45:52,317 - Sensor: Humidity, Data: 61.59
2024-11-21 00:45:56,334 - Sensor: Temperature, Data: 27.27
2024-11-21 00:45:56,335 - Sensor: Pressure, Data: 959.84
2024-11-21 00:45:56,335 - Event: Warning! Low pressure detected: 959.84 hPa
2024-11-21 00:45:56,335 - Sensor: Humidity, Data: 64.57
2024-11-21 00:46:00,354 - Sensor: Temperature, Data: 33.58
2024-11-21 00:46:00,354 - Event: Warning! High temperature detected: 33.58 °C
2024-11-21 00:46:00,355 - Sensor: Pressure, Data: 1047.29
2024-11-21 00:46:00,355 - Sensor: Humidity, Data: 63.91
2024-11-21 00:46:04,375 - Sensor: Temperature, Data: -3.24
2024-11-21 00:46:04,376 - Sensor: Pressure, Data: 950.16
2024-11-21 00:46:04,376 - Event: Warning! Low pressure detected: 950.16 hPa
2024-11-21 00:46:04,376 - Sensor: Humidity, Data: 12.2
2024-11-21 00:46:08,390 - Sensor: Temperature, Data: 20.41
2024-11-21 00:46:08,390 - Sensor: Pressure, Data: 966.74
2024-11-21 00:46:08,391 - Sensor: Humidity, Data: 54.94
2024-11-21 00:46:12,407 - Sensor: Temperature, Data: 10.69
2024-11-21 00:46:12,409 - Sensor: Pressure, Data: 1007.43
2024-11-21 00:46:12,409 - Sensor: Humidity, Data: 22.57
2024-11-21 01:28:27,739 - Sensor: Temperature, Data: 8.92
2024-11-21 01:28:27,739 - Sensor: Pressure, Data: 962.25
2024-11-21 01:28:27,739 - Sensor: Humidity, Data: 13.72
2024-11-21 01:28:31,756 - Sensor: Temperature, Data: 8.36
2024-11-21 01:28:31,757 - Sensor: Pressure, Data: 1012.01
2024-11-21 01:28:31,757 - Sensor: Humidity, Data: 66.15
2024-11-21 01:28:35,775 - Sensor: Temperature, Data: 3.65
2024-11-21 01:28:35,775 - Sensor: Pressure, Data: 966.93
2024-11-21 01:28:35,775 - Sensor: Humidity, Data: 57.94
2024-11-21 01:28:39,794 - Sensor: Temperature, Data: -4.76
2024-11-21 01:28:39,795 - Sensor: Pressure, Data: 984.79
2024-11-21 01:28:39,795 - Sensor: Humidity, Data: 26.7
2024-11-21 01:28:40,816 - Sensor: Temperature, Data: 37.94
2024-11-21 01:28:40,816 - Event: Warning! High temperature detected: 37.94 °C
2024-11-21 01:28:40,816 - Sensor: Pressure, Data: 1018.41
2024-11-21 01:28:40,816 - Sensor: Humidity, Data: 84.43
2024-11-21 01:28:40,816 - Event: Warning! High humidity detected: 84.43%
2024-11-21 01:28:44,835 - Sensor: Temperature, Data: 3.96
2024-11-21 01:28:44,836 - Sensor: Pressure, Data: 1022.42
2024-11-21 01:28:44,836 - Sensor: Humidity, Data: 23.3
2024-11-21 01:28:48,853 - Sensor: Temperature, Data: 24.5
2024-11-21 01:28:48,854 - Sensor: Pressure, Data: 1029.14
2024-11-21 01:28:48,854 - Sensor: Humidity, Data: 9.14
2024-11-21 01:28:52,872 - Sensor: Temperature, Data: -7.99
2024-11-21 01:28:52,873 - Sensor: Pressure, Data: 1003.58
2024-11-21 01:28:52,873 - Sensor: Humidity, Data: 50.89
2024-11-21 01:28:56,886 - Sensor: Temperature, Data: -0.0
2024-11-21 01:28:56,886 - Sensor: Pressure, Data: 1031.18
2024-11-21 01:28:56,886 - Sensor: Humidity, Data: 16.5
2024-11-21 01:29:00,905 - Sensor: Temperature, Data: 30.23
2024-11-21 01:29:00,906 - Event: Warning! High temperature detected: 30.23 °C
2024-11-21 01:29:00,906 - Sensor: Pressure, Data: 1038.16
2024-11-21 01:29:00,906 - Sensor: Humidity, Data: 12.31
2024-11-21 01:29:04,923 - Sensor: Temperature, Data: -0.54
2024-11-21 01:29:04,924 - Sensor: Pressure, Data: 1043.39
2024-11-21 01:29:04,924 - Sensor: Humidity, Data: 65.07
2024-11-21 01:29:08,940 - Sensor: Temperature, Data: 10.68
2024-11-21 01:29:08,941 - Sensor: Pressure, Data: 965.47
2024-11-21 01:29:08,941 - Sensor: Humidity, Data: 72.53
2024-11-21 01:29:12,951 - Sensor: Temperature, Data: 31.2
2024-11-21 01:29:12,951 - Event: Warning! High temperature detected: 31.2 °C
2024-11-21 01:29:12,951 - Sensor: Pressure, Data: 1019.47
2024-11-21 01:29:12,951 - Sensor: Humidity, Data: 14.5
2024-11-21 01:29:16,971 - Sensor: Temperature, Data: 8.81
2024-11-21 01:29:16,971 - Sensor: Pressure, Data: 975.05
2024-11-21 01:29:16,971 - Sensor: Humidity, Data: 57.29
2024-11-21 01:29:20,991 - Sensor: Temperature, Data: 38.49
2024-11-21 01:29:20,992 - Event: Warning! High temperature detected: 38.49 °C
2024-11-21 01:29:20,992 - Sensor: Pressure, Data: 962.19
2024-11-21 01:29:20,992 - Sensor: Humidity, Data: 39.69
2024-11-21 01:29:25,008 - Sensor: Temperature, Data: -0.18
2024-11-21 01:29:25,008 - Sensor: Pressure, Data: 963.61
2024-11-21 01:29:25,008 - Sensor: Humidity, Data: 53.73
2024-11-21 03:02:51,573 - Sensor: Temperature, Data: 36.61
2024-11-21 03:02:51,573 - Event: Warning! High temperature detected: 36.61 °C
2024-11-21 03:02:51,573 - Sensor: Pressure, Data: 980.97
2024-11-21 03:02:51,573 - Sensor: Humidity, Data: 88.81
2024-11-21 03:02:51,573 - Event: Warning! High humidity detected: 88.81%
2024-11-21 04:00:05,089 - Sensor: Temperature, Data: 15.32
2024-11-21 04:00:05,090 - Sensor: Pressure, Data: 971.78
2024-11-21 04:00:05,090 - Sensor: Humidity, Data: 9.11
2024-11-21 04:00:09,104 - Sensor: Temperature, Data: 10.35
2024-11-21 04:00:09,104 - Sensor: Pressure, Data: 963.93
2024-11-21 04:00:09,104 - Sensor: Humidity, Data: 6.64
2024-11-21 11:59:59,800 - Sensor: Temperature, Data: 33.9
2024-11-21 11:59:59,800 - Event: Warning! High temperature detected: 33.9 °C
2024-11-21 11:59:59,800 - Sensor: Pressure, Data: 962.2
2024-11-21 11:59:59,800 - Sensor: Humidity, Data: 66.79
2024-11-21 12:00:03,817 - Sensor: Temperature, Data: 17.33
2024-11-21 12:00:03,818 - Sensor: Pressure, Data: 976.64
2024-11-21 12:00:03,818 - Sensor: Humidity, Data: 1.52
2024-11-21 13:48:06,974 - Sensor: Temperature, Data: 4.27
2024-11-21 13:48:06,975 - Sensor: Pressure, Data: 958.31
2024-11-21 13:48:06,975 - Event: Warning! Low pressure detected: 958.31 hPa
2024-11-21 13:48:06,975 - Sensor: Humidity, Data: 8.48
2024-11-21 14:18:14,959 - Sensor: Temperature, Data: 25.47
2024-11-21 14:18:14,959 - Sensor: Pressure, Data: 985.29
2024-11-21 14:18:14,959 - Sensor: Humidity, Data: 79.89
2024-11-21 14:18:18,977 - Sensor: Temperature, Data: -9.24
2024-11-21 14:18:18,978 - Sensor: Pressure, Data: 964.4
2024-11-21 14:18:18,978 - Sensor: Humidity, Data: 63.42
2024-11-21 14:18:22,996 - Sensor: Temperature, Data: 3.45
2024-11-21 14:18:22,996 - Sensor: Pressure, Data: 957.66
2024-11-21 14:18:22,996 - Event: Warning! Low pressure detected: 957.66 hPa
2024-11-21 14:18:22,997 - Sensor: Humidity, Data: 90.7
2024-11-21 14:18:22,997 - Event: Warning! High humidity detected: 90.7%
2024-12-11 00:24:17,198 - Sensor: Temperature, Data: -1.39
2024-12-11 00:24:17,199 - Sensor: Pressure, Data: 968.04
2024-12-11 00:24:17,199 - Sensor: Humidity, Data: 32.45
2024-12-11 00:24:21,218 - Sensor: Temperature, Data: 26.12
2024-12-11 00:24:21,218 - Sensor: Pressure, Data: 1049.8
2024-12-11 00:24:21,219 - Sensor: Humidity, Data: 83.68
2024-12-11 00:24:21,219 - Event: Warning! High humidity detected: 83.68%
2024-12-11 00:24:25,236 - Sensor: Temperature, Data: 30.07
2024-12-11 00:24:25,237 - Event: Warning! High temperature detected: 30.07 °C
2024-12-11 00:24:25,237 - Sensor: Pressure, Data: 989.94
2024-12-11 00:24:25,237 - Sensor: Humidity, Data: 7.43
2024-12-11 00:24:29,252 - Sensor: Temperature, Data: 28.01
2024-12-11 00:24:29,252 - Sensor: Pressure, Data: 1035.32
2024-12-11 00:24:29,252 - Sensor: Humidity, Data: 68.86
2024-12-11 00:24:33,272 - Sensor: Temperature, Data: 21.39
2024-12-11 00:24:33,273 - Sensor: Pressure, Data: 1028.21
2024-12-11 00:24:33,273 - Sensor: Humidity, Data: 59.1
2024-12-11 00:24:37,294 - Sensor: Temperature, Data: 14.92
2024-12-11 00:24:37,294 - Sensor: Pressure, Data: 999.19
2024-12-11 00:24:37,294 - Sensor: Humidity, Data: 39.21
2024-12-11 00:24:41,309 - Sensor: Temperature, Data: 15.83
2024-12-11 00:24:41,309 - Sensor: Pressure, Data: 1024.96
2024-12-11 00:24:41,309 - Sensor: Humidity, Data: 52.6
2024-12-11 00:24:45,328 - Sensor: Temperature, Data: 2.26
2024-12-11 00:24:45,328 - Sensor: Pressure, Data: 1005.26
2024-12-11 00:24:45,328 - Sensor: Humidity, Data: 18.83
2024-12-11 00:24:49,344 - Sensor: Temperature, Data: 31.64
2024-12-11 00:24:49,345 - Event: Warning! High temperature detected: 31.64 °C
2024-12-11 00:24:49,345 - Sensor: Pressure, Data: 1046.21
2024-12-11 00:24:49,345 - Sensor: Humidity, Data: 70.63
2024-12-11 00:24:53,358 - Sensor: Temperature, Data: -8.89
2024-12-11 00:24:53,358 - Sensor: Pressure, Data: 1029.97
2024-12-11 00:24:53,359 - Sensor: Humidity, Data: 46.51
2024-12-11 00:24:57,379 - Sensor: Temperature, Data: -8.5
2024-12-11 00:24:57,380 - Sensor: Pressure, Data: 982.12
2024-12-11 00:24:57,380 - Sensor: Humidity, Data: 30.16
2024-12-11 00:25:01,391 - Sensor: Temperature, Data: 30.17
2024-12-11 00:25:01,392 - Event: Warning! High temperature detected: 30.17 °C
2024-12-11 00:25:01,392 - Sensor: Pressure, Data: 992.45
2024-12-11 00:25:01,392 - Sensor: Humidity, Data: 4.64
2024-12-11 00:25:05,411 - Sensor: Temperature, Data: -6.81
2024-12-11 00:25:05,412 - Sensor: Pressure, Data: 968.13
2024-12-11 00:25:05,412 - Sensor: Humidity, Data: 4.05
2024-12-11 00:25:09,433 - Sensor: Temperature, Data: 33.69
2024-12-11 00:25:09,433 - Event: Warning! High temperature detected: 33.69 °C
2024-12-11 00:25:09,434 - Sensor: Pressure, Data: 999.27
2024-12-11 00:25:09,434 - Sensor: Humidity, Data: 53.32
2024-12-11 00:25:13,451 - Sensor: Temperature, Data: 12.83
2024-12-11 00:25:13,452 - Sensor: Pressure, Data: 1038.65
2024-12-11 00:25:13,452 - Sensor: Humidity, Data: 27.81
2024-12-11 00:25:17,469 - Sensor: Temperature, Data: 2.52
2024-12-11 00:25:17,469 - Sensor: Pressure, Data: 1041.61
2024-12-11 00:25:17,469 - Sensor: Humidity, Data: 8.5
2024-12-11 00:25:21,490 - Sensor: Temperature, Data: -4.0
2024-12-11 00:25:21,491 - Sensor: Pressure, Data: 1030.52
2024-12-11 00:25:21,491 - Sensor: Humidity, Data: 95.64
2024-12-11 00:25:21,491 - Event: Warning! High humidity detected: 95.64%
2024-12-11 00:25:25,512 - Sensor: Temperature, Data: 37.38
2024-12-11 00:25:25,512 - Event: Warning! High temperature detected: 37.38 °C
2024-12-11 00:25:25,512 - Sensor: Pressure, Data: 969.36
2024-12-11 00:25:25,512 - Sensor: Humidity, Data: 22.26
2024-12-11 00:25:29,533 - Sensor: Temperature, Data: 34.61
2024-12-11 00:25:29,534 - Event: Warning! High temperature detected: 34.61 °C
2024-12-11 00:25:29,534 - Sensor: Pressure, Data: 976.45
2024-12-11 00:25:29,534 - Sensor: Humidity, Data: 98.61
2024-12-11 00:25:29,534 - Event: Warning! High humidity detected: 98.61%
2024-12-11 00:25:33,552 - Sensor: Temperature, Data: 7.56
2024-12-11 00:25:33,553 - Sensor: Pressure, Data: 960.68
2024-12-11 00:25:33,553 - Sensor: Humidity, Data: 89.75
2024-12-11 00:25:33,553 - Event: Warning! High humidity detected: 89.75%
2024-12-11 00:25:37,568 - Sensor: Temperature, Data: 10.66
2024-12-11 00:25:37,569 - Sensor: Pressure, Data: 970.56
2024-12-11 00:25:37,569 - Sensor: Humidity, Data: 2.14
2024-12-11 00:25:41,580 - Sensor: Temperature, Data: 38.38
2024-12-11 00:25:41,580 - Event: Warning! High temperature detected: 38.38 °C
2024-12-11 00:25:41,580 - Sensor: Pressure, Data: 988.73
2024-12-11 00:25:41,580 - Sensor: Humidity, Data: 58.69
2024-12-11 00:25:45,600 - Sensor: Temperature, Data: 5.19
2024-12-11 00:25:45,601 - Sensor: Pressure, Data: 961.16
2024-12-11 00:25:45,601 - Sensor: Humidity, Data: 58.55
2024-12-11 00:25:49,619 - Sensor: Temperature, Data: 38.97
2024-12-11 00:25:49,620 - Event: Warning! High temperature detected: 38.97 °C
2024-12-11 00:25:49,620 - Sensor: Pressure, Data: 996.25
2024-12-11 00:25:49,620 - Sensor: Humidity, Data: 30.33
2024-12-11 00:25:53,636 - Sensor: Temperature, Data: 37.12
2024-12-11 00:25:53,638 - Event: Warning! High temperature detected: 37.12 °C
2024-12-11 00:25:53,639 - Sensor: Pressure, Data: 984.97
2024-12-11 00:25:53,639 - Sensor: Humidity, Data: 78.36
2024-12-11 00:25:57,659 - Sensor: Temperature, Data: 34.2
2024-12-11 00:25:57,659 - Event: Warning! High temperature detected: 34.2 °C
2024-12-11 00:25:57,660 - Sensor: Pressure, Data: 957.74
2024-12-11 00:25:57,660 - Event: Warning! Low pressure detected: 957.74 hPa
2024-12-11 00:25:57,660 - Sensor: Humidity, Data: 29.06
2024-12-11 00:26:01,680 - Sensor: Temperature, Data: 20.36
2024-12-11 00:26:01,681 - Sensor: Pressure, Data: 963.46
2024-12-11 00:26:01,681 - Sensor: Humidity, Data: 34.65
2024-12-11 00:26:05,702 - Sensor: Temperature, Data: 25.07
2024-12-11 00:26:05,702 - Sensor: Pressure, Data: 995.41
2024-12-11 00:26:05,702 - Sensor: Humidity, Data: 7.43
2024-12-11 00:26:09,720 - Sensor: Temperature, Data: 35.29
2024-12-11 00:26:09,721 - Event: Warning! High temperature detected: 35.29 °C
2024-12-11 00:26:09,721 - Sensor: Pressure, Data: 997.26
2024-12-11 00:26:09,721 - Sensor: Humidity, Data: 43.35
2024-12-11 00:26:13,738 - Sensor: Temperature, Data: 22.87
2024-12-11 00:26:13,739 - Sensor: Pressure, Data: 983.1
2024-12-11 00:26:13,739 - Sensor: Humidity, Data: 93.63
2024-12-11 00:26:13,739 - Event: Warning! High humidity detected: 93.63%
2024-12-11 00:26:17,757 - Sensor: Temperature, Data: 39.33
2024-12-11 00:26:17,758 - Event: Warning! High temperature detected: 39.33 °C
2024-12-11 00:26:17,758 - Sensor: Pressure, Data: 1004.36
2024-12-11 00:26:17,758 - Sensor: Humidity, Data: 30.49
2024-12-11 00:26:21,771 - Sensor: Temperature, Data: -6.16
2024-12-11 00:26:21,772 - Sensor: Pressure, Data: 998.9
2024-12-11 00:26:21,772 - Sensor: Humidity, Data: 36.21
2024-12-11 00:26:25,792 - Sensor: Temperature, Data: 32.2
2024-12-11 00:26:25,793 - Event: Warning! High temperature detected: 32.2 °C
2024-12-11 00:26:25,793 - Sensor: Pressure, Data: 972.85
2024-12-11 00:26:25,793 - Sensor: Humidity, Data: 91.9
2024-12-11 00:26:25,793 - Event: Warning! High humidity detected: 91.9%
2024-12-11 00:26:29,806 - Sensor: Temperature, Data: 2.97
2024-12-11 00:26:29,807 - Sensor: Pressure, Data: 973.1
2024-12-11 00:26:29,807 - Sensor: Humidity, Data: 60.12
2024-12-11 00:26:33,825 - Sensor: Temperature, Data: -7.17
2024-12-11 00:26:33,826 - Sensor: Pressure, Data: 958.1
2024-12-11 00:26:33,826 - Event: Warning! Low pressure detected: 958.1 hPa
2024-12-11 00:26:33,826 - Sensor: Humidity, Data: 12.09
2024-12-11 00:26:37,844 - Sensor: Temperature, Data: 10.26
2024-12-11 00:26:37,844 - Sensor: Pressure, Data: 1022.19
2024-12-11 00:26:37,844 - Sensor: Humidity, Data: 28.8
2024-12-11 00:26:41,857 - Sensor: Temperature, Data: -0.43
2024-12-11 00:26:41,858 - Sensor: Pressure, Data: 960.32
2024-12-11 00:26:41,858 - Sensor: Humidity, Data: 91.44
2024-12-11 00:26:41,858 - Event: Warning! High humidity detected: 91.44%
2024-12-11 00:26:45,873 - Sensor: Temperature, Data: 29.65
2024-12-11 00:26:45,874 - Sensor: Pressure, Data: 1006.06
2024-12-11 00:26:45,875 - Sensor: Humidity, Data: 86.32
2024-12-11 00:26:45,875 - Event: Warning! High humidity detected: 86.32%
2024-12-11 00:26:49,888 - Sensor: Temperature, Data: 3.09
2024-12-11 00:26:49,888 - Sensor: Pressure, Data: 965.74
2024-12-11 00:26:49,888 - Sensor: Humidity, Data: 30.83
2024-12-11 00:26:53,905 - Sensor: Temperature, Data: 30.72
2024-12-11 00:26:53,905 - Event: Warning! High temperature detected: 30.72 °C
2024-12-11 00:26:53,905 - Sensor: Pressure, Data: 965.1
2024-12-11 00:26:53,905 - Sensor: Humidity, Data: 68.41
2024-12-11 00:26:57,916 - Sensor: Temperature, Data: 29.65
2024-12-11 00:26:57,916 - Sensor: Pressure, Data: 1037.42
2024-12-11 00:26:57,916 - Sensor: Humidity, Data: 42.73
2024-12-11 00:27:01,931 - Sensor: Temperature, Data: 15.35
2024-12-11 00:27:01,932 - Sensor: Pressure, Data: 1032.04
2024-12-11 00:27:01,932 - Sensor: Humidity, Data: 26.37
2024-12-11 00:27:05,948 - Sensor: Temperature, Data: 21.24
2024-12-11 00:27:05,949 - Sensor: Pressure, Data: 1015.76
2024-12-11 00:27:05,949 - Sensor: Humidity, Data: 29.0
2024-12-11 00:27:09,969 - Sensor: Temperature, Data: 32.89
2024-12-11 00:27:09,969 - Event: Warning! High temperature detected: 32.89 °C
2024-12-11 00:27:09,969 - Sensor: Pressure, Data: 975.48
2024-12-11 00:27:09,969 - Sensor: Humidity, Data: 96.23
2024-12-11 00:27:09,970 - Event: Warning! High humidity detected: 96.23%
2024-12-11 00:27:13,986 - Sensor: Temperature, Data: -6.47
2024-12-11 00:27:13,986 - Sensor: Pressure, Data: 1030.55
2024-12-11 00:27:13,986 - Sensor: Humidity, Data: 66.16
2024-12-11 00:27:18,003 - Sensor: Temperature, Data: 3.63
2024-12-11 00:27:18,004 - Sensor: Pressure, Data: 999.57
2024-12-11 00:27:18,004 - Sensor: Humidity, Data: 48.96
2024-12-11 00:27:22,021 - Sensor: Temperature, Data: -8.62
2024-12-11 00:27:22,022 - Sensor: Pressure, Data: 981.89
2024-12-11 00:27:22,022 - Sensor: Humidity, Data: 32.78
2024-12-11 00:27:26,037 - Sensor: Temperature, Data: 3.04
2024-12-11 00:27:26,038 - Sensor: Pressure, Data: 1040.97
2024-12-11 00:27:26,038 - Sensor: Humidity, Data: 68.27
2024-12-11 00:27:30,045 - Sensor: Temperature, Data: 0.08
2024-12-11 00:27:30,046 - Sensor: Pressure, Data: 982.09
2024-12-11 00:27:30,046 - Sensor: Humidity, Data: 17.8
2024-12-11 00:27:34,066 - Sensor: Temperature, Data: 34.41
2024-12-11 00:27:34,067 - Event: Warning! High temperature detected: 34.41 °C
2024-12-11 00:27:34,067 - Sensor: Pressure, Data: 960.99
2024-12-11 00:27:34,067 - Sensor: Humidity, Data: 63.52
2024-12-11 00:27:38,086 - Sensor: Temperature, Data: 10.81
2024-12-11 00:27:38,086 - Sensor: Pressure, Data: 1025.68
2024-12-11 00:27:38,086 - Sensor: Humidity, Data: 33.76
2024-12-11 00:27:42,097 - Sensor: Temperature, Data: 29.79
2024-12-11 00:27:42,097 - Sensor: Pressure, Data: 1027.34
2024-12-11 00:27:42,097 - Sensor: Humidity, Data: 15.69
2024-12-11 00:27:46,116 - Sensor: Temperature, Data: 34.45
2024-12-11 00:27:46,116 - Event: Warning! High temperature detected: 34.45 °C
2024-12-11 00:27:46,116 - Sensor: Pressure, Data: 1007.65
2024-12-11 00:27:46,116 - Sensor: Humidity, Data: 92.45
2024-12-11 00:27:46,117 - Event: Warning! High humidity detected: 92.45%
2024-12-11 00:27:50,134 - Sensor: Temperature, Data: 35.7
2024-12-11 00:27:50,135 - Event: Warning! High temperature detected: 35.7 °C
2024-12-11 00:27:50,135 - Sensor: Pressure, Data: 1032.0
2024-12-11 00:27:50,135 - Sensor: Humidity, Data: 42.04
2024-12-11 00:27:54,155 - Sensor: Temperature, Data: 25.58
2024-12-11 00:27:54,156 - Sensor: Pressure, Data: 1033.28
2024-12-11 00:27:54,156 - Sensor: Humidity, Data: 79.44
2024-12-11 00:27:58,173 - Sensor: Temperature, Data: 32.74
2024-12-11 00:27:58,173 - Event: Warning! High temperature detected: 32.74 °C
2024-12-11 00:27:58,173 - Sensor: Pressure, Data: 996.98
2024-12-11 00:27:58,173 - Sensor: Humidity, Data: 46.95
2024-12-11 00:28:02,188 - Sensor: Temperature, Data: -8.26
2024-12-11 00:28:02,188 - Sensor: Pressure, Data: 1034.36
2024-12-11 00:28:02,188 - Sensor: Humidity, Data: 57.82
2024-12-11 00:28:06,205 - Sensor: Temperature, Data: 28.83
2024-12-11 00:28:06,206 - Sensor: Pressure, Data: 1017.83
2024-12-11 00:28:06,206 - Sensor: Humidity, Data: 24.47
2024-12-11 00:28:10,213 - Sensor: Temperature, Data: 20.65
2024-12-11 00:28:10,213 - Sensor: Pressure, Data: 998.37
2024-12-11 00:28:10,213 - Sensor: Humidity, Data: 96.32
2024-12-11 00:28:10,214 - Event: Warning! High humidity detected: 96.32%
2024-12-11 00:28:14,233 - Sensor: Temperature, Data: 8.62
2024-12-11 00:28:14,234 - Sensor: Pressure, Data: 1038.24
2024-12-11 00:28:14,234 - Sensor: Humidity, Data: 88.2
2024-12-11 00:28:14,234 - Event: Warning! High humidity detected: 88.2%
2024-12-11 00:28:18,254 - Sensor: Temperature, Data: 37.86
2024-12-11 00:28:18,255 - Event: Warning! High temperature detected: 37.86 °C
2024-12-11 00:28:18,255 - Sensor: Pressure, Data: 1022.41
2024-12-11 00:28:18,255 - Sensor: Humidity, Data: 35.4
2024-12-11 00:28:22,269 - Sensor: Temperature, Data: 6.92
2024-12-11 00:28:22,269 - Sensor: Pressure, Data: 956.63
2024-12-11 00:28:22,270 - Event: Warning! Low pressure detected: 956.63 hPa
2024-12-11 00:28:22,270 - Sensor: Humidity, Data: 77.12
2024-12-11 00:28:26,281 - Sensor: Temperature, Data: 22.05
2024-12-11 00:28:26,281 - Sensor: Pressure, Data: 1039.09
2024-12-11 00:28:26,282 - Sensor: Humidity, Data: 14.74
2024-12-11 00:28:30,297 - Sensor: Temperature, Data: 5.48
2024-12-11 00:28:30,297 - Sensor: Pressure, Data: 1000.77
2024-12-11 00:28:30,297 - Sensor: Humidity, Data: 64.99
2024-12-11 00:28:34,312 - Sensor: Temperature, Data: 16.91
2024-12-11 00:28:34,312 - Sensor: Pressure, Data: 1003.75
2024-12-11 00:28:34,313 - Sensor: Humidity, Data: 99.99
2024-12-11 00:28:34,313 - Event: Warning! High humidity detected: 99.99%
2024-12-11 00:28:38,330 - Sensor: Temperature, Data: -4.32
2024-12-11 00:28:38,331 - Sensor: Pressure, Data: 972.05
2024-12-11 00:28:38,331 - Sensor: Humidity, Data: 9.29
2024-12-11 00:28:42,350 - Sensor: Temperature, Data: 7.13
2024-12-11 00:28:42,351 - Sensor: Pressure, Data: 964.4
2024-12-11 00:28:42,351 - Sensor: Humidity, Data: 41.03
2024-12-11 00:28:46,371 - Sensor: Temperature, Data: 3.86
2024-12-11 00:28:46,371 - Sensor: Pressure, Data: 986.45
2024-12-11 00:28:46,371 - Sensor: Humidity, Data: 58.94
2024-12-11 00:28:50,390 - Sensor: Temperature, Data: 14.86
2024-12-11 00:28:50,391 - Sensor: Pressure, Data: 955.47
2024-12-11 00:28:50,391 - Event: Warning! Low pressure detected: 955.47 hPa
2024-12-11 00:28:50,391 - Sensor: Humidity, Data: 34.36
2024-12-11 00:28:54,408 - Sensor: Temperature, Data: 14.3
2024-12-11 00:28:54,409 - Sensor: Pressure, Data: 1033.88
2024-12-11 00:28:54,409 - Sensor: Humidity, Data: 74.5
2024-12-11 00:28:58,427 - Sensor: Temperature, Data: 7.33
2024-12-11 00:28:58,427 - Sensor: Pressure, Data: 961.06
2024-12-11 00:28:58,427 - Sensor: Humidity, Data: 79.03
2024-12-11 00:29:02,440 - Sensor: Temperature, Data: 36.31
2024-12-11 00:29:02,441 - Event: Warning! High temperature detected: 36.31 °C
2024-12-11 00:29:02,441 - Sensor: Pressure, Data: 1029.95
2024-12-11 00:29:02,441 - Sensor: Humidity, Data: 70.99
2024-12-11 00:29:06,462 - Sensor: Temperature, Data: 27.06
2024-12-11 00:29:06,462 - Sensor: Pressure, Data: 987.97
2024-12-11 00:29:06,463 - Sensor: Humidity, Data: 82.37
2024-12-11 00:29:06,463 - Event: Warning! High humidity detected: 82.37%
2024-12-11 00:29:10,478 - Sensor: Temperature, Data: 37.09
2024-12-11 00:29:10,479 - Event: Warning! High temperature detected: 37.09 °C
2024-12-11 00:29:10,479 - Sensor: Pressure, Data: 1010.69
2024-12-11 00:29:10,479 - Sensor: Humidity, Data: 15.9
2024-12-11 00:29:14,495 - Sensor: Temperature, Data: -1.61
2024-12-11 00:29:14,495 - Sensor: Pressure, Data: 1002.37
2024-12-11 00:29:14,496 - Sensor: Humidity, Data: 21.9
2024-12-11 00:29:18,510 - Sensor: Temperature, Data: 13.33
2024-12-11 00:29:18,511 - Sensor: Pressure, Data: 979.25
2024-12-11 00:29:18,511 - Sensor: Humidity, Data: 81.28
2024-12-11 00:29:18,511 - Event: Warning! High humidity detected: 81.28%
2024-12-11 00:29:22,520 - Sensor: Temperature, Data: -2.28
2024-12-11 00:29:22,522 - Sensor: Pressure, Data: 969.88
2024-12-11 00:29:22,522 - Sensor: Humidity, Data: 82.6
2024-12-11 00:29:22,522 - Event: Warning! High humidity detected: 82.6%
2024-12-11 00:29:26,537 - Sensor: Temperature, Data: 25.11
2024-12-11 00:29:26,538 - Sensor: Pressure, Data: 1028.95
2024-12-11 00:29:26,538 - Sensor: Humidity, Data: 9.96
2024-12-11 00:29:30,554 - Sensor: Temperature, Data: -6.61
2024-12-11 00:29:30,555 - Sensor: Pressure, Data: 1004.82
2024-12-11 00:29:30,555 - Sensor: Humidity, Data: 89.65
2024-12-11 00:29:30,555 - Event: Warning! High humidity detected: 89.65%
2024-12-11 00:29:34,569 - Sensor: Temperature, Data: 16.05
2024-12-11 00:29:34,571 - Sensor: Pressure, Data: 985.38
2024-12-11 00:29:34,571 - Sensor: Humidity, Data: 16.09
2024-12-11 00:29:38,587 - Sensor: Temperature, Data: 33.22
2024-12-11 00:29:38,588 - Event: Warning! High temperature detected: 33.22 °C
2024-12-11 00:29:38,588 - Sensor: Pressure, Data: 984.69
2024-12-11 00:29:38,588 - Sensor: Humidity, Data: 75.13
2024-12-11 00:29:42,605 - Sensor: Temperature, Data: 7.92
2024-12-11 00:29:42,607 - Sensor: Pressure, Data: 998.31
2024-12-11 00:29:42,607 - Sensor: Humidity, Data: 10.3
2024-12-11 00:29:46,621 - Sensor: Temperature, Data: 15.18
2024-12-11 00:29:46,622 - Sensor: Pressure, Data: 1000.61
2024-12-11 00:29:46,622 - Sensor: Humidity, Data: 17.87
2024-12-11 00:29:50,642 - Sensor: Temperature, Data: 20.29
2024-12-11 00:29:50,643 - Sensor: Pressure, Data: 1028.22
2024-12-11 00:29:50,643 - Sensor: Humidity, Data: 79.1
2024-12-11 00:29:54,661 - Sensor: Temperature, Data: 20.32
2024-12-11 00:29:54,661 - Sensor: Pressure, Data: 988.55
2024-12-11 00:29:54,662 - Sensor: Humidity, Data: 3.41
2024-12-11 00:29:58,674 - Sensor: Temperature, Data: 37.73
2024-12-11 00:29:58,675 - Event: Warning! High temperature detected: 37.73 °C
2024-12-11 00:29:58,675 - Sensor: Pressure, Data: 1021.95
2024-12-11 00:29:58,675 - Sensor: Humidity, Data: 65.07
2024-12-11 00:30:02,696 - Sensor: Temperature, Data: 1.69
2024-12-11 00:30:02,697 - Sensor: Pressure, Data: 1049.74
2024-12-11 00:30:02,697 - Sensor: Humidity, Data: 58.06
2024-12-11 00:30:06,713 - Sensor: Temperature, Data: 19.71
2024-12-11 00:30:06,713 - Sensor: Pressure, Data: 980.88
2024-12-11 00:30:06,713 - Sensor: Humidity, Data: 76.54
2024-12-11 00:30:10,727 - Sensor: Temperature, Data: 9.45
2024-12-11 00:30:10,728 - Sensor: Pressure, Data: 1034.83
2024-12-11 00:30:10,728 - Sensor: Humidity, Data: 37.65
2024-12-11 00:30:14,746 - Sensor: Temperature, Data: -8.14
2024-12-11 00:30:14,746 - Sensor: Pressure, Data: 1000.1
2024-12-11 00:30:14,746 - Sensor: Humidity, Data: 34.28
2024-12-11 00:30:18,759 - Sensor: Temperature, Data: 15.27
2024-12-11 00:30:18,760 - Sensor: Pressure, Data: 1033.58
2024-12-11 00:30:18,760 - Sensor: Humidity, Data: 22.61
2024-12-11 00:30:22,778 - Sensor: Temperature, Data: 30.1
2024-12-11 00:30:22,779 - Event: Warning! High temperature detected: 30.1 °C
2024-12-11 00:30:22,779 - Sensor: Pressure, Data: 1014.13
2024-12-11 00:30:22,779 - Sensor: Humidity, Data: 59.11
2024-12-11 00:30:26,797 - Sensor: Temperature, Data: 31.22
2024-12-11 00:30:26,798 - Event: Warning! High temperature detected: 31.22 °C
2024-12-11 00:30:26,798 - Sensor: Pressure, Data: 951.99
2024-12-11 00:30:26,798 - Event: Warning! Low pressure detected: 951.99 hPa
2024-12-11 00:30:26,798 - Sensor: Humidity, Data: 58.63
2024-12-11 00:30:30,817 - Sensor: Temperature, Data: -8.05
2024-12-11 00:30:30,818 - Sensor: Pressure, Data: 1008.4
2024-12-11 00:30:30,818 - Sensor: Humidity, Data: 40.89
2024-12-11 00:30:34,831 - Sensor: Temperature, Data: 19.89
2024-12-11 00:30:34,831 - Sensor: Pressure, Data: 958.48
2024-12-11 00:30:34,831 - Event: Warning! Low pressure detected: 958.48 hPa
2024-12-11 00:30:34,831 - Sensor: Humidity, Data: 6.93
2024-12-11 00:30:38,850 - Sensor: Temperature, Data: 29.1
2024-12-11 00:30:38,850 - Sensor: Pressure, Data: 1022.48
2024-12-11 00:30:38,851 - Sensor: Humidity, Data: 10.64
2024-12-11 00:30:42,863 - Sensor: Temperature, Data: 25.92
2024-12-11 00:30:42,864 - Sensor: Pressure, Data: 1007.09
2024-12-11 00:30:42,864 - Sensor: Humidity, Data: 24.11
2024-12-11 00:30:46,881 - Sensor: Temperature, Data: 23.24
2024-12-11 00:30:46,882 - Sensor: Pressure, Data: 997.08
2024-12-11 00:30:46,882 - Sensor: Humidity, Data: 93.75
2024-12-11 00:30:46,882 - Event: Warning! High humidity detected: 93.75%
2024-12-11 00:30:50,897 - Sensor: Temperature, Data: 8.75
2024-12-11 00:30:50,897 - Sensor: Pressure, Data: 1043.1
2024-12-11 00:30:50,897 - Sensor: Humidity, Data: 60.79
2024-12-11 00:30:54,917 - Sensor: Temperature, Data: 30.56
2024-12-11 00:30:54,917 - Event: Warning! High temperature detected: 30.56 °C
2024-12-11 00:30:54,918 - Sensor: Pressure, Data: 978.8
2024-12-11 00:30:54,918 - Sensor: Humidity, Data: 65.88
2024-12-11 00:30:58,931 - Sensor: Temperature, Data: 35.44
2024-12-11 00:30:58,931 - Event: Warning! High temperature detected: 35.44 °C
2024-12-11 00:30:58,932 - Sensor: Pressure, Data: 1026.26
2024-12-11 00:30:58,932 - Sensor: Humidity, Data: 14.81
2024-12-11 00:31:02,950 - Sensor: Temperature, Data: -6.99
2024-12-11 00:31:02,951 - Sensor: Pressure, Data: 971.45
2024-12-11 00:31:02,951 - Sensor: Humidity, Data: 92.66
2024-12-11 00:31:02,951 - Event: Warning! High humidity detected: 92.66%
2024-12-11 00:31:06,972 - Sensor: Temperature, Data: 37.89
2024-12-11 00:31:06,972 - Event: Warning! High temperature detected: 37.89 °C
2024-12-11 00:31:06,973 - Sensor: Pressure, Data: 1037.65
2024-12-11 00:31:06,973 - Sensor: Humidity, Data: 59.14
2024-12-11 00:31:10,989 - Sensor: Temperature, Data: 10.01
2024-12-11 00:31:10,989 - Sensor: Pressure, Data: 982.48
2024-12-11 00:31:10,989 - Sensor: Humidity, Data: 90.63
2024-12-11 00:31:10,989 - Event: Warning! High humidity detected: 90.63%
2024-12-11 00:31:15,002 - Sensor: Temperature, Data: 15.86
2024-12-11 00:31:15,002 - Sensor: Pressure, Data: 954.62
2024-12-11 00:31:15,003 - Event: Warning! Low pressure detected: 954.62 hPa
2024-12-11 00:31:15,003 - Sensor: Humidity, Data: 57.36
2024-12-11 00:31:19,020 - Sensor: Temperature, Data: 4.07
2024-12-11 00:31:19,021 - Sensor: Pressure, Data: 1029.65
2024-12-11 00:31:19,021 - Sensor: Humidity, Data: 25.99
2024-12-11 00:31:23,041 - Sensor: Temperature, Data: 7.64
2024-12-11 00:31:23,042 - Sensor: Pressure, Data: 983.45
2024-12-11 00:31:23,042 - Sensor: Humidity, Data: 54.85
2024-12-11 00:31:27,063 - Sensor: Temperature, Data: 5.38
2024-12-11 00:31:27,063 - Sensor: Pressure, Data: 1014.06
2024-12-11 00:31:27,063 - Sensor: Humidity, Data: 57.59
2024-12-11 00:31:31,084 - Sensor: Temperature, Data: 8.73
2024-12-11 00:31:31,084 - Sensor: Pressure, Data: 1005.04
2024-12-11 00:31:31,084 - Sensor: Humidity, Data: 8.26
2024-12-11 00:31:35,101 - Sensor: Temperature, Data: -4.25
2024-12-11 00:31:35,101 - Sensor: Pressure, Data: 954.21
2024-12-11 00:31:35,102 - Event: Warning! Low pressure detected: 954.21 hPa
2024-12-11 00:31:35,102 - Sensor: Humidity, Data: 17.77
2024-12-11 00:31:39,122 - Sensor: Temperature, Data: 29.73
2024-12-11 00:31:39,123 - Sensor: Pressure, Data: 992.98
2024-12-11 00:31:39,123 - Sensor: Humidity, Data: 65.11
2024-12-11 00:31:43,140 - Sensor: Temperature, Data: 8.02
2024-12-11 00:31:43,140 - Sensor: Pressure, Data: 1010.6
2024-12-11 00:31:43,140 - Sensor: Humidity, Data: 52.89
2024-12-11 00:31:47,158 - Sensor: Temperature, Data: 14.68
2024-12-11 00:31:47,158 - Sensor: Pressure, Data: 1014.31
2024-12-11 00:31:47,158 - Sensor: Humidity, Data: 89.75
2024-12-11 00:31:47,158 - Event: Warning! High humidity detected: 89.75%
2024-12-11 00:31:51,175 - Sensor: Temperature, Data: 25.83
2024-12-11 00:31:51,176 - Sensor: Pressure, Data: 976.66
2024-12-11 00:31:51,176 - Sensor: Humidity, Data: 43.38
2024-12-11 00:31:55,188 - Sensor: Temperature, Data: 28.1
2024-12-11 00:31:55,190 - Sensor: Pressure, Data: 983.0
2024-12-11 00:31:55,190 - Sensor: Humidity, Data: 66.35
2024-12-11 00:31:59,206 - Sensor: Temperature, Data: -0.75
2024-12-11 00:31:59,207 - Sensor: Pressure, Data: 1039.66
2024-12-11 00:31:59,207 - Sensor: Humidity, Data: 92.15
2024-12-11 00:31:59,207 - Event: Warning! High humidity detected: 92.15%
2024-12-11 00:32:03,219 - Sensor: Temperature, Data: -5.37
2024-12-11 00:32:03,220 - Sensor: Pressure, Data: 1007.56
2024-12-11 00:32:03,220 - Sensor: Humidity, Data: 27.76
2024-12-11 00:32:07,238 - Sensor: Temperature, Data: 8.04
2024-12-11 00:32:07,238 - Sensor: Pressure, Data: 951.59
2024-12-11 00:32:07,238 - Event: Warning! Low pressure detected: 951.59 hPa
2024-12-11 00:32:07,238 - Sensor: Humidity, Data: 24.24
2024-12-11 00:32:11,259 - Sensor: Temperature, Data: -7.99
2024-12-11 00:32:11,260 - Sensor: Pressure, Data: 974.32
2024-12-11 00:32:11,260 - Sensor: Humidity, Data: 84.8
2024-12-11 00:32:11,260 - Event: Warning! High humidity detected: 84.8%
2024-12-11 00:32:15,275 - Sensor: Temperature, Data: 28.18
2024-12-11 00:32:15,276 - Sensor: Pressure, Data: 1018.27
2024-12-11 00:32:15,276 - Sensor: Humidity, Data: 12.47
2024-12-11 00:32:19,296 - Sensor: Temperature, Data: 30.73
2024-12-11 00:32:19,297 - Event: Warning! High temperature detected: 30.73 °C
2024-12-11 00:32:19,297 - Sensor: Pressure, Data: 993.83
2024-12-11 00:32:19,297 - Sensor: Humidity, Data: 39.23
2024-12-11 00:32:23,316 - Sensor: Temperature, Data: 8.96
2024-12-11 00:32:23,316 - Sensor: Pressure, Data: 1018.76
2024-12-11 00:32:23,316 - Sensor: Humidity, Data: 34.69
2024-12-11 00:32:27,330 - Sensor: Temperature, Data: 30.1
2024-12-11 00:32:27,331 - Event: Warning! High temperature detected: 30.1 °C
2024-12-11 00:32:27,331 - Sensor: Pressure, Data: 1000.27
2024-12-11 00:32:27,331 - Sensor: Humidity, Data: 31.72
2024-12-11 00:32:31,343 - Sensor: Temperature, Data: 12.53
2024-12-11 00:32:31,344 - Sensor: Pressure, Data: 1049.02
2024-12-11 00:32:31,344 - Sensor: Humidity, Data: 71.28
2024-12-11 00:32:35,357 - Sensor: Temperature, Data: 10.08
2024-12-11 00:32:35,360 - Sensor: Pressure, Data: 1031.8
2024-12-11 00:32:35,360 - Sensor: Humidity, Data: 72.65
2024-12-11 00:32:39,373 - Sensor: Temperature, Data: 14.6
2024-12-11 00:32:39,373 - Sensor: Pressure, Data: 1014.07
2024-12-11 00:32:39,373 - Sensor: Humidity, Data: 1.82
2024-12-11 00:32:43,385 - Sensor: Temperature, Data: 11.68
2024-12-11 00:32:43,385 - Sensor: Pressure, Data: 1035.49
2024-12-11 00:32:43,385 - Sensor: Humidity, Data: 85.42
2024-12-11 00:32:43,386 - Event: Warning! High humidity detected: 85.42%
2024-12-11 00:32:47,401 - Sensor: Temperature, Data: 13.88
2024-12-11 00:32:47,402 - Sensor: Pressure, Data: 998.26
2024-12-11 00:32:47,402 - Sensor: Humidity, Data: 13.17
2024-12-11 00:32:51,414 - Sensor: Temperature, Data: 9.83
2024-12-11 00:32:51,414 - Sensor: Pressure, Data: 957.74
2024-12-11 00:32:51,414 - Event: Warning! Low pressure detected: 957.74 hPa
2024-12-11 00:32:51,414 - Sensor: Humidity, Data: 28.84
2024-12-11 00:32:55,428 - Sensor: Temperature, Data: 3.62
2024-12-11 00:32:55,430 - Sensor: Pressure, Data: 985.3
2024-12-11 00:32:55,430 - Sensor: Humidity, Data: 36.77
2024-12-11 00:32:59,450 - Sensor: Temperature, Data: 5.9
2024-12-11 00:32:59,451 - Sensor: Pressure, Data: 965.5
2024-12-11 00:32:59,451 - Sensor: Humidity, Data: 77.77
2024-12-11 13:58:11,403 - Sensor: Temperature, Data: -1.86
2024-12-11 13:58:11,403 - Sensor: Pressure, Data: 1041.33
2024-12-11 13:58:11,403 - Sensor: Humidity, Data: 55.27
2024-12-11 13:58:15,422 - Sensor: Temperature, Data: -7.69
2024-12-11 13:58:15,422 - Sensor: Pressure, Data: 970.89
2024-12-11 13:58:15,422 - Sensor: Humidity, Data: 4.76
2024-12-11 13:58:19,443 - Sensor: Temperature, Data: -5.56
2024-12-11 13:58:19,443 - Sensor: Pressure, Data: 974.9
2024-12-11 13:58:19,443 - Sensor: Humidity, Data: 60.42
2024-12-11 13:58:23,464 - Sensor: Temperature, Data: -2.54
2024-12-11 13:58:23,464 - Sensor: Pressure, Data: 958.81
2024-12-11 13:58:23,465 - Event: Warning! Low pressure detected: 958.81 hPa
2024-12-11 13:58:23,465 - Sensor: Humidity, Data: 30.99
2024-12-11 13:58:27,486 - Sensor: Temperature, Data: 6.82
2024-12-11 13:58:27,486 - Sensor: Pressure, Data: 1026.17
2024-12-11 13:58:27,486 - Sensor: Humidity, Data: 81.73
2024-12-11 13:58:27,487 - Event: Warning! High humidity detected: 81.73%
2024-12-11 13:58:31,507 - Sensor: Temperature, Data: 11.07
2024-12-11 13:58:31,508 - Sensor: Pressure, Data: 959.83
2024-12-11 13:58:31,508 - Event: Warning! Low pressure detected: 959.83 hPa
2024-12-11 13:58:31,508 - Sensor: Humidity, Data: 55.99
2024-12-11 13:58:35,526 - Sensor: Temperature, Data: 15.19
2024-12-11 13:58:35,526 - Sensor: Pressure, Data: 973.32
2024-12-11 13:58:35,526 - Sensor: Humidity, Data: 19.61
2024-12-11 13:58:39,546 - Sensor: Temperature, Data: -3.17
2024-12-11 13:58:39,546 - Sensor: Pressure, Data: 982.14
2024-12-11 13:58:39,546 - Sensor: Humidity, Data: 89.73
2024-12-11 13:58:39,546 - Event: Warning! High humidity detected: 89.73%
2024-12-11 13:58:43,567 - Sensor: Temperature, Data: 22.83
2024-12-11 13:58:43,567 - Sensor: Pressure, Data: 963.24
2024-12-11 13:58:43,568 - Sensor: Humidity, Data: 0.53
2024-12-11 13:58:47,581 - Sensor: Temperature, Data: 24.56
2024-12-11 13:58:47,582 - Sensor: Pressure, Data: 963.12
2024-12-11 13:58:47,582 - Sensor: Humidity, Data: 43.97
2024-12-11 13:58:51,600 - Sensor: Temperature, Data: 1.17
2024-12-11 13:58:51,600 - Sensor: Pressure, Data: 1047.1
2024-12-11 13:58:51,600 - Sensor: Humidity, Data: 2.49
2024-12-11 13:58:55,618 - Sensor: Temperature, Data: 38.21
2024-12-11 13:58:55,619 - Event: Warning! High temperature detected: 38.21 °C
2024-12-11 13:58:55,619 - Sensor: Pressure, Data: 1023.65
2024-12-11 13:58:55,619 - Sensor: Humidity, Data: 8.1
2024-12-11 13:58:59,637 - Sensor: Temperature, Data: 8.44
2024-12-11 13:58:59,637 - Sensor: Pressure, Data: 957.69
2024-12-11 13:58:59,637 - Event: Warning! Low pressure detected: 957.69 hPa
2024-12-11 13:58:59,637 - Sensor: Humidity, Data: 19.51
2024-12-11 13:59:03,650 - Sensor: Temperature, Data: 1.93
2024-12-11 13:59:03,650 - Sensor: Pressure, Data: 1021.97
2024-12-11 13:59:03,650 - Sensor: Humidity, Data: 49.27
2024-12-18 10:50:36,266 - Sensor: Temperature, Data: 15.89
2024-12-18 10:50:36,267 - Sensor: Pressure, Data: 969.95
2024-12-18 10:50:36,267 - Sensor: Humidity, Data: 73.74
2024-12-18 10:50:40,287 - Sensor: Temperature, Data: 21.28
2024-12-18 10:50:40,288 - Sensor: Pressure, Data: 1047.23
2024-12-18 10:50:40,288 - Sensor: Humidity, Data: 17.86
2024-12-18 10:50:44,304 - Sensor: Temperature, Data: 29.11
2024-12-18 10:50:44,304 - Sensor: Pressure, Data: 981.14
2024-12-18 10:50:44,305 - Sensor: Humidity, Data: 85.25
2024-12-18 10:50:44,305 - Event: Warning! High humidity detected: 85.25%
2024-12-18 10:50:48,325 - Sensor: Temperature, Data: 1.6
2024-12-18 10:50:48,326 - Sensor: Pressure, Data: 1016.7
2024-12-18 10:50:48,326 - Sensor: Humidity, Data: 19.72
2024-12-18 10:50:52,345 - Sensor: Temperature, Data: -0.75
2024-12-18 10:50:52,345 - Sensor: Pressure, Data: 1045.73
2024-12-18 10:50:52,345 - Sensor: Humidity, Data: 46.8
